{
  "RSpec": {
    "coverage": {
      "/Users/student/Makers/bank2/spec/feature/bank_statement_spec.rb": [
        1,
        null,
        1,
        null,
        3,
        null,
        1,
        1,
        1,
        2,
        null,
        null,
        null,
        1,
        1,
        1,
        1,
        2,
        null,
        null,
        null
      ],
      "/Users/student/Makers/bank2/lib/account.rb": [
        1,
        1,
        1,
        null,
        1,
        null,
        1,
        5,
        5,
        5,
        null,
        null,
        1,
        3,
        3,
        null,
        null,
        1,
        2,
        2,
        null,
        null,
        1,
        3,
        null,
        null,
        null
      ],
      "/Users/student/Makers/bank2/lib/transactions.rb": [
        1,
        null,
        1,
        4,
        null,
        null,
        1,
        4,
        null,
        null,
        1,
        4,
        4,
        null,
        null,
        null
      ],
      "/Users/student/Makers/bank2/lib/statement.rb": [
        1,
        null,
        1,
        3,
        3,
        4,
        null,
        10,
        null,
        null,
        null
      ],
      "/Users/student/Makers/bank2/spec/unit/account_spec.rb": [
        1,
        null,
        1,
        null,
        4,
        4,
        4,
        null,
        1,
        null,
        2,
        null,
        1,
        1,
        1,
        null,
        null,
        null,
        1,
        null,
        2,
        null,
        1,
        1,
        1,
        null,
        null,
        null,
        1,
        null,
        2,
        null,
        1,
        1,
        1,
        1,
        null,
        null,
        null,
        null
      ],
      "/Users/student/Makers/bank2/spec/unit/statement_spec.rb": [
        1,
        null,
        1,
        null,
        2,
        2,
        null,
        1,
        1,
        2,
        null,
        null,
        null,
        null
      ],
      "/Users/student/Makers/bank2/spec/unit/transactions_spec.rb": [
        1,
        null,
        1,
        null,
        3,
        null,
        1,
        1,
        1,
        null,
        null,
        null,
        1,
        1,
        1,
        1,
        null,
        null,
        null,
        null
      ]
    },
    "timestamp": 1554994705
  }
}
